{"/home/colomeramonica/projetos/drift-board/api/server.ts": {"path":"/home/colomeramonica/projetos/drift-board/api/server.ts","statementMap":{"0":{"start":{"line":13,"column":12},"end":{"line":13,"column":21}},"1":{"start":{"line":16,"column":0},"end":{"line":29,"column":3}},"2":{"start":{"line":31,"column":0},"end":{"line":31,"column":57}},"3":{"start":{"line":32,"column":0},"end":{"line":32,"column":43}},"4":{"start":{"line":34,"column":0},"end":{"line":40,"column":3}},"5":{"start":{"line":35,"column":2},"end":{"line":39,"column":5}},"6":{"start":{"line":43,"column":0},"end":{"line":43,"column":26}},"7":{"start":{"line":44,"column":0},"end":{"line":44,"column":28}},"8":{"start":{"line":47,"column":0},"end":{"line":55,"column":1}},"9":{"start":{"line":48,"column":2},"end":{"line":54,"column":5}},"10":{"start":{"line":49,"column":4},"end":{"line":49,"column":52}},"11":{"start":{"line":50,"column":4},"end":{"line":53,"column":7}},"12":{"start":{"line":51,"column":6},"end":{"line":51,"column":25}},"13":{"start":{"line":51,"column":15},"end":{"line":51,"column":25}},"14":{"start":{"line":52,"column":6},"end":{"line":52,"column":39}},"15":{"start":{"line":57,"column":0},"end":{"line":59,"column":3}},"16":{"start":{"line":58,"column":2},"end":{"line":58,"column":54}}},"fnMap":{"0":{"name":"(anonymous_0)","decl":{"start":{"line":34,"column":20},"end":{"line":34,"column":21}},"loc":{"start":{"line":34,"column":41},"end":{"line":40,"column":1}},"line":34},"1":{"name":"(anonymous_1)","decl":{"start":{"line":48,"column":18},"end":{"line":48,"column":19}},"loc":{"start":{"line":48,"column":30},"end":{"line":54,"column":3}},"line":48},"2":{"name":"(anonymous_2)","decl":{"start":{"line":50,"column":31},"end":{"line":50,"column":32}},"loc":{"start":{"line":50,"column":40},"end":{"line":53,"column":5}},"line":50},"3":{"name":"(anonymous_3)","decl":{"start":{"line":57,"column":15},"end":{"line":57,"column":16}},"loc":{"start":{"line":57,"column":26},"end":{"line":59,"column":1}},"line":57}},"branchMap":{"0":{"loc":{"start":{"line":47,"column":0},"end":{"line":55,"column":1}},"type":"if","locations":[{"start":{"line":47,"column":0},"end":{"line":55,"column":1}},{"start":{},"end":{}}],"line":47},"1":{"loc":{"start":{"line":51,"column":6},"end":{"line":51,"column":25}},"type":"if","locations":[{"start":{"line":51,"column":6},"end":{"line":51,"column":25}},{"start":{},"end":{}}],"line":51}},"s":{"0":2,"1":2,"2":2,"3":2,"4":2,"5":0,"6":2,"7":2,"8":2,"9":0,"10":0,"11":0,"12":0,"13":0,"14":0,"15":2,"16":0},"f":{"0":0,"1":0,"2":0,"3":0},"b":{"0":[0,2],"1":[0,0]},"_coverageSchema":"1a1c01bbd47fc00a2c39e90264f33305004495a9","hash":"542a2bd06cf1696bb83ee1cef61bcd1777e7f464"}
,"/home/colomeramonica/projetos/drift-board/api/config/database.ts": {"path":"/home/colomeramonica/projetos/drift-board/api/config/database.ts","statementMap":{"0":{"start":{"line":4,"column":0},"end":{"line":4,"column":34}},"1":{"start":{"line":7,"column":2},"end":{"line":7,"column":70}},"2":{"start":{"line":8,"column":14},"end":{"line":8,"column":51}},"3":{"start":{"line":10,"column":0},"end":{"line":10,"column":24}},"4":{"start":{"line":12,"column":11},"end":{"line":12,"column":30}},"5":{"start":{"line":14,"column":0},"end":{"line":16,"column":3}},"6":{"start":{"line":15,"column":2},"end":{"line":15,"column":60}},"7":{"start":{"line":18,"column":0},"end":{"line":20,"column":3}},"8":{"start":{"line":19,"column":2},"end":{"line":19,"column":54}}},"fnMap":{"0":{"name":"(anonymous_0)","decl":{"start":{"line":14,"column":19},"end":{"line":14,"column":20}},"loc":{"start":{"line":14,"column":25},"end":{"line":16,"column":1}},"line":14},"1":{"name":"(anonymous_1)","decl":{"start":{"line":18,"column":15},"end":{"line":18,"column":16}},"loc":{"start":{"line":18,"column":26},"end":{"line":20,"column":1}},"line":18}},"branchMap":{"0":{"loc":{"start":{"line":7,"column":2},"end":{"line":7,"column":70}},"type":"cond-expr","locations":[{"start":{"line":7,"column":36},"end":{"line":7,"column":54}},{"start":{"line":7,"column":57},"end":{"line":7,"column":70}}],"line":7}},"s":{"0":2,"1":2,"2":2,"3":2,"4":2,"5":2,"6":2,"7":2,"8":0},"f":{"0":2,"1":0},"b":{"0":[2,0]},"_coverageSchema":"1a1c01bbd47fc00a2c39e90264f33305004495a9","hash":"c555468951db7df507ed9861a5fc2b9d5d67e1f6"}
,"/home/colomeramonica/projetos/drift-board/api/controllers/taskController.ts": {"path":"/home/colomeramonica/projetos/drift-board/api/controllers/taskController.ts","statementMap":{"0":{"start":{"line":6,"column":4},"end":{"line":6,"column":51}},"1":{"start":{"line":10,"column":4},"end":{"line":10,"column":46}},"2":{"start":{"line":14,"column":4},"end":{"line":14,"column":57}},"3":{"start":{"line":18,"column":4},"end":{"line":18,"column":51}}},"fnMap":{"0":{"name":"(anonymous_0)","decl":{"start":{"line":5,"column":2},"end":{"line":5,"column":3}},"loc":{"start":{"line":5,"column":46},"end":{"line":7,"column":3}},"line":5},"1":{"name":"(anonymous_1)","decl":{"start":{"line":9,"column":2},"end":{"line":9,"column":3}},"loc":{"start":{"line":9,"column":45},"end":{"line":11,"column":3}},"line":9},"2":{"name":"(anonymous_2)","decl":{"start":{"line":13,"column":2},"end":{"line":13,"column":3}},"loc":{"start":{"line":13,"column":67},"end":{"line":15,"column":3}},"line":13},"3":{"name":"(anonymous_3)","decl":{"start":{"line":17,"column":2},"end":{"line":17,"column":3}},"loc":{"start":{"line":17,"column":42},"end":{"line":19,"column":3}},"line":17}},"branchMap":{},"s":{"0":0,"1":1,"2":1,"3":0},"f":{"0":0,"1":1,"2":1,"3":0},"b":{},"_coverageSchema":"1a1c01bbd47fc00a2c39e90264f33305004495a9","hash":"fe5d78f4809c71b07402d15887de7bb9b84258fe"}
,"/home/colomeramonica/projetos/drift-board/api/controllers/teamMemberController.ts": {"path":"/home/colomeramonica/projetos/drift-board/api/controllers/teamMemberController.ts","statementMap":{"0":{"start":{"line":6,"column":4},"end":{"line":6,"column":52}},"1":{"start":{"line":10,"column":4},"end":{"line":10,"column":56}}},"fnMap":{"0":{"name":"(anonymous_0)","decl":{"start":{"line":5,"column":2},"end":{"line":5,"column":3}},"loc":{"start":{"line":5,"column":29},"end":{"line":7,"column":3}},"line":5},"1":{"name":"(anonymous_1)","decl":{"start":{"line":9,"column":2},"end":{"line":9,"column":3}},"loc":{"start":{"line":9,"column":51},"end":{"line":11,"column":3}},"line":9}},"branchMap":{},"s":{"0":0,"1":0},"f":{"0":0,"1":0},"b":{},"_coverageSchema":"1a1c01bbd47fc00a2c39e90264f33305004495a9","hash":"ab6d63a3de1d34ab5dad262023fc1af3201a178b"}
,"/home/colomeramonica/projetos/drift-board/api/errors/BadRequestError.ts": {"path":"/home/colomeramonica/projetos/drift-board/api/errors/BadRequestError.ts","statementMap":{"0":{"start":{"line":8,"column":4},"end":{"line":8,"column":19}},"1":{"start":{"line":9,"column":4},"end":{"line":9,"column":55}},"2":{"start":{"line":10,"column":4},"end":{"line":10,"column":25}},"3":{"start":{"line":11,"column":4},"end":{"line":11,"column":26}},"4":{"start":{"line":12,"column":4},"end":{"line":12,"column":34}},"5":{"start":{"line":13,"column":4},"end":{"line":13,"column":59}},"6":{"start":{"line":14,"column":4},"end":{"line":14,"column":52}}},"fnMap":{"0":{"name":"(anonymous_0)","decl":{"start":{"line":7,"column":2},"end":{"line":7,"column":3}},"loc":{"start":{"line":7,"column":59},"end":{"line":15,"column":3}},"line":7}},"branchMap":{},"s":{"0":0,"1":0,"2":0,"3":0,"4":0,"5":0,"6":0},"f":{"0":0},"b":{},"_coverageSchema":"1a1c01bbd47fc00a2c39e90264f33305004495a9","hash":"8ba26ec4b55edf99433262b0ce431d6db0d339f2"}
,"/home/colomeramonica/projetos/drift-board/api/errors/InternalServerError.ts": {"path":"/home/colomeramonica/projetos/drift-board/api/errors/InternalServerError.ts","statementMap":{"0":{"start":{"line":5,"column":4},"end":{"line":5,"column":19}},"1":{"start":{"line":6,"column":4},"end":{"line":6,"column":26}},"2":{"start":{"line":7,"column":4},"end":{"line":7,"column":38}},"3":{"start":{"line":8,"column":4},"end":{"line":8,"column":52}}},"fnMap":{"0":{"name":"(anonymous_0)","decl":{"start":{"line":4,"column":2},"end":{"line":4,"column":3}},"loc":{"start":{"line":4,"column":31},"end":{"line":9,"column":3}},"line":4}},"branchMap":{},"s":{"0":0,"1":0,"2":0,"3":0},"f":{"0":0},"b":{},"_coverageSchema":"1a1c01bbd47fc00a2c39e90264f33305004495a9","hash":"d9e63eecee5610c38ed1b992b32d2abb38c1a3ed"}
,"/home/colomeramonica/projetos/drift-board/api/errors/NotFoundError.ts": {"path":"/home/colomeramonica/projetos/drift-board/api/errors/NotFoundError.ts","statementMap":{"0":{"start":{"line":5,"column":4},"end":{"line":5,"column":19}},"1":{"start":{"line":6,"column":4},"end":{"line":6,"column":26}},"2":{"start":{"line":7,"column":4},"end":{"line":7,"column":32}},"3":{"start":{"line":8,"column":4},"end":{"line":8,"column":52}}},"fnMap":{"0":{"name":"(anonymous_0)","decl":{"start":{"line":4,"column":2},"end":{"line":4,"column":3}},"loc":{"start":{"line":4,"column":31},"end":{"line":9,"column":3}},"line":4}},"branchMap":{},"s":{"0":0,"1":0,"2":0,"3":0},"f":{"0":0},"b":{},"_coverageSchema":"1a1c01bbd47fc00a2c39e90264f33305004495a9","hash":"cd2097bb06c336e0c6ea0388433853995d65fb7c"}
,"/home/colomeramonica/projetos/drift-board/api/errors/index.ts": {"path":"/home/colomeramonica/projetos/drift-board/api/errors/index.ts","statementMap":{},"fnMap":{},"branchMap":{},"s":{},"f":{},"b":{},"_coverageSchema":"1a1c01bbd47fc00a2c39e90264f33305004495a9","hash":"786280224f599e1bc3e63256b87d31a5b04afe48"}
,"/home/colomeramonica/projetos/drift-board/api/repositories/taskRepository.ts": {"path":"/home/colomeramonica/projetos/drift-board/api/repositories/taskRepository.ts","statementMap":{"0":{"start":{"line":7,"column":18},"end":{"line":7,"column":53}},"1":{"start":{"line":9,"column":4},"end":{"line":11,"column":5}},"2":{"start":{"line":10,"column":6},"end":{"line":10,"column":44}},"3":{"start":{"line":13,"column":4},"end":{"line":15,"column":5}},"4":{"start":{"line":14,"column":6},"end":{"line":14,"column":48}},"5":{"start":{"line":17,"column":4},"end":{"line":17,"column":24}},"6":{"start":{"line":21,"column":26},"end":{"line":21,"column":62}},"7":{"start":{"line":23,"column":20},"end":{"line":23,"column":42}},"8":{"start":{"line":24,"column":4},"end":{"line":26,"column":5}},"9":{"start":{"line":25,"column":6},"end":{"line":25,"column":48}},"10":{"start":{"line":28,"column":20},"end":{"line":34,"column":6}},"11":{"start":{"line":36,"column":4},"end":{"line":36,"column":19}},"12":{"start":{"line":40,"column":15},"end":{"line":40,"column":41}},"13":{"start":{"line":41,"column":4},"end":{"line":45,"column":6}},"14":{"start":{"line":49,"column":15},"end":{"line":49,"column":41}},"15":{"start":{"line":50,"column":4},"end":{"line":50,"column":38}}},"fnMap":{"0":{"name":"(anonymous_0)","decl":{"start":{"line":6,"column":2},"end":{"line":6,"column":3}},"loc":{"start":{"line":6,"column":40},"end":{"line":18,"column":3}},"line":6},"1":{"name":"(anonymous_1)","decl":{"start":{"line":20,"column":2},"end":{"line":20,"column":3}},"loc":{"start":{"line":20,"column":42},"end":{"line":37,"column":3}},"line":20},"2":{"name":"(anonymous_2)","decl":{"start":{"line":39,"column":2},"end":{"line":39,"column":3}},"loc":{"start":{"line":39,"column":61},"end":{"line":46,"column":3}},"line":39},"3":{"name":"(anonymous_3)","decl":{"start":{"line":48,"column":2},"end":{"line":48,"column":3}},"loc":{"start":{"line":48,"column":36},"end":{"line":51,"column":3}},"line":48}},"branchMap":{"0":{"loc":{"start":{"line":9,"column":4},"end":{"line":11,"column":5}},"type":"if","locations":[{"start":{"line":9,"column":4},"end":{"line":11,"column":5}},{"start":{},"end":{}}],"line":9},"1":{"loc":{"start":{"line":13,"column":4},"end":{"line":15,"column":5}},"type":"if","locations":[{"start":{"line":13,"column":4},"end":{"line":15,"column":5}},{"start":{},"end":{}}],"line":13},"2":{"loc":{"start":{"line":24,"column":4},"end":{"line":26,"column":5}},"type":"if","locations":[{"start":{"line":24,"column":4},"end":{"line":26,"column":5}},{"start":{},"end":{}}],"line":24}},"s":{"0":0,"1":0,"2":0,"3":0,"4":0,"5":0,"6":1,"7":1,"8":1,"9":0,"10":1,"11":1,"12":1,"13":1,"14":0,"15":0},"f":{"0":0,"1":1,"2":1,"3":0},"b":{"0":[0,0],"1":[0,0],"2":[0,1]},"_coverageSchema":"1a1c01bbd47fc00a2c39e90264f33305004495a9","hash":"d3011642e8fef451f31f3ed5a8b02c114679cc11"}
,"/home/colomeramonica/projetos/drift-board/api/repositories/teamMemberRepository.ts": {"path":"/home/colomeramonica/projetos/drift-board/api/repositories/teamMemberRepository.ts","statementMap":{"0":{"start":{"line":6,"column":4},"end":{"line":6,"column":29}},"1":{"start":{"line":10,"column":4},"end":{"line":14,"column":7}}},"fnMap":{"0":{"name":"(anonymous_0)","decl":{"start":{"line":5,"column":2},"end":{"line":5,"column":3}},"loc":{"start":{"line":5,"column":23},"end":{"line":7,"column":3}},"line":5},"1":{"name":"(anonymous_1)","decl":{"start":{"line":9,"column":2},"end":{"line":9,"column":3}},"loc":{"start":{"line":9,"column":42},"end":{"line":15,"column":3}},"line":9}},"branchMap":{},"s":{"0":0,"1":0},"f":{"0":0,"1":0},"b":{},"_coverageSchema":"1a1c01bbd47fc00a2c39e90264f33305004495a9","hash":"ab996db7452c7daf557ecdc80beb498bac17e84b"}
,"/home/colomeramonica/projetos/drift-board/api/routes/v1/tasks/create.ts": {"path":"/home/colomeramonica/projetos/drift-board/api/routes/v1/tasks/create.ts","statementMap":{"0":{"start":{"line":8,"column":2},"end":{"line":40,"column":4}},"1":{"start":{"line":24,"column":25},"end":{"line":24,"column":59}},"2":{"start":{"line":25,"column":6},"end":{"line":32,"column":7}},"3":{"start":{"line":26,"column":8},"end":{"line":31,"column":11}},"4":{"start":{"line":34,"column":19},"end":{"line":34,"column":67}},"5":{"start":{"line":36,"column":6},"end":{"line":38,"column":69}}},"fnMap":{"0":{"name":"create","decl":{"start":{"line":7,"column":22},"end":{"line":7,"column":28}},"loc":{"start":{"line":7,"column":56},"end":{"line":41,"column":1}},"line":7},"1":{"name":"(anonymous_1)","decl":{"start":{"line":23,"column":4},"end":{"line":23,"column":5}},"loc":{"start":{"line":23,"column":30},"end":{"line":39,"column":5}},"line":23}},"branchMap":{"0":{"loc":{"start":{"line":25,"column":6},"end":{"line":32,"column":7}},"type":"if","locations":[{"start":{"line":25,"column":6},"end":{"line":32,"column":7}},{"start":{},"end":{}}],"line":25}},"s":{"0":2,"1":2,"2":2,"3":1,"4":1,"5":1},"f":{"0":2,"1":2},"b":{"0":[1,1]},"_coverageSchema":"1a1c01bbd47fc00a2c39e90264f33305004495a9","hash":"f9181ee6630c1a81e0db41ba3062fed0d91abd01"}
,"/home/colomeramonica/projetos/drift-board/api/routes/v1/tasks/index.ts": {"path":"/home/colomeramonica/projetos/drift-board/api/routes/v1/tasks/index.ts","statementMap":{"0":{"start":{"line":7,"column":2},"end":{"line":7,"column":18}},"1":{"start":{"line":8,"column":2},"end":{"line":8,"column":20}},"2":{"start":{"line":9,"column":2},"end":{"line":9,"column":20}}},"fnMap":{"0":{"name":"tasksRoutes","decl":{"start":{"line":6,"column":22},"end":{"line":6,"column":33}},"loc":{"start":{"line":6,"column":61},"end":{"line":10,"column":1}},"line":6}},"branchMap":{},"s":{"0":2,"1":2,"2":2},"f":{"0":2},"b":{},"_coverageSchema":"1a1c01bbd47fc00a2c39e90264f33305004495a9","hash":"b36267408294d3d6b8adb770655ee90b90e6b31f"}
,"/home/colomeramonica/projetos/drift-board/api/routes/v1/tasks/list.ts": {"path":"/home/colomeramonica/projetos/drift-board/api/routes/v1/tasks/list.ts","statementMap":{"0":{"start":{"line":8,"column":2},"end":{"line":67,"column":5}},"1":{"start":{"line":34,"column":26},"end":{"line":45,"column":8}},"2":{"start":{"line":47,"column":25},"end":{"line":47,"column":61}},"3":{"start":{"line":49,"column":6},"end":{"line":56,"column":7}},"4":{"start":{"line":50,"column":8},"end":{"line":55,"column":11}},"5":{"start":{"line":58,"column":34},"end":{"line":62,"column":7}},"6":{"start":{"line":64,"column":20},"end":{"line":64,"column":59}},"7":{"start":{"line":65,"column":6},"end":{"line":65,"column":43}}},"fnMap":{"0":{"name":"list","decl":{"start":{"line":7,"column":22},"end":{"line":7,"column":26}},"loc":{"start":{"line":7,"column":54},"end":{"line":68,"column":1}},"line":7},"1":{"name":"(anonymous_1)","decl":{"start":{"line":33,"column":13},"end":{"line":33,"column":14}},"loc":{"start":{"line":33,"column":39},"end":{"line":66,"column":5}},"line":33}},"branchMap":{"0":{"loc":{"start":{"line":49,"column":6},"end":{"line":56,"column":7}},"type":"if","locations":[{"start":{"line":49,"column":6},"end":{"line":56,"column":7}},{"start":{},"end":{}}],"line":49}},"s":{"0":2,"1":0,"2":0,"3":0,"4":0,"5":0,"6":0,"7":0},"f":{"0":2,"1":0},"b":{"0":[0,0]},"_coverageSchema":"1a1c01bbd47fc00a2c39e90264f33305004495a9","hash":"4756484aefdea72d3ba244172685196ceb7e32be"}
,"/home/colomeramonica/projetos/drift-board/api/routes/v1/tasks/update.ts": {"path":"/home/colomeramonica/projetos/drift-board/api/routes/v1/tasks/update.ts","statementMap":{"0":{"start":{"line":15,"column":2},"end":{"line":68,"column":5}},"1":{"start":{"line":49,"column":25},"end":{"line":49,"column":61}},"2":{"start":{"line":51,"column":25},"end":{"line":51,"column":65}},"3":{"start":{"line":53,"column":6},"end":{"line":60,"column":7}},"4":{"start":{"line":54,"column":8},"end":{"line":59,"column":11}},"5":{"start":{"line":62,"column":19},"end":{"line":62,"column":75}},"6":{"start":{"line":64,"column":6},"end":{"line":66,"column":63}}},"fnMap":{"0":{"name":"update","decl":{"start":{"line":14,"column":22},"end":{"line":14,"column":28}},"loc":{"start":{"line":14,"column":56},"end":{"line":69,"column":1}},"line":14},"1":{"name":"(anonymous_1)","decl":{"start":{"line":48,"column":13},"end":{"line":48,"column":14}},"loc":{"start":{"line":48,"column":39},"end":{"line":67,"column":5}},"line":48}},"branchMap":{"0":{"loc":{"start":{"line":53,"column":6},"end":{"line":60,"column":7}},"type":"if","locations":[{"start":{"line":53,"column":6},"end":{"line":60,"column":7}},{"start":{},"end":{}}],"line":53}},"s":{"0":2,"1":1,"2":1,"3":1,"4":0,"5":1,"6":1},"f":{"0":2,"1":1},"b":{"0":[0,1]},"_coverageSchema":"1a1c01bbd47fc00a2c39e90264f33305004495a9","hash":"c4957cbd5a205915183fcc07119d4d952229f74a"}
,"/home/colomeramonica/projetos/drift-board/api/routes/v1/team-member/create.ts": {"path":"/home/colomeramonica/projetos/drift-board/api/routes/v1/team-member/create.ts","statementMap":{"0":{"start":{"line":9,"column":2},"end":{"line":30,"column":4}},"1":{"start":{"line":22,"column":25},"end":{"line":22,"column":65}},"2":{"start":{"line":24,"column":6},"end":{"line":26,"column":7}},"3":{"start":{"line":25,"column":8},"end":{"line":25,"column":76}},"4":{"start":{"line":27,"column":21},"end":{"line":27,"column":74}},"5":{"start":{"line":28,"column":6},"end":{"line":28,"column":44}}},"fnMap":{"0":{"name":"create","decl":{"start":{"line":8,"column":22},"end":{"line":8,"column":28}},"loc":{"start":{"line":8,"column":56},"end":{"line":31,"column":1}},"line":8},"1":{"name":"(anonymous_1)","decl":{"start":{"line":21,"column":4},"end":{"line":21,"column":5}},"loc":{"start":{"line":21,"column":30},"end":{"line":29,"column":5}},"line":21}},"branchMap":{"0":{"loc":{"start":{"line":24,"column":6},"end":{"line":26,"column":7}},"type":"if","locations":[{"start":{"line":24,"column":6},"end":{"line":26,"column":7}},{"start":{},"end":{}}],"line":24}},"s":{"0":2,"1":0,"2":0,"3":0,"4":0,"5":0},"f":{"0":2,"1":0},"b":{"0":[0,0]},"_coverageSchema":"1a1c01bbd47fc00a2c39e90264f33305004495a9","hash":"75a414eaf4103974709b42c92189fff9a395598a"}
,"/home/colomeramonica/projetos/drift-board/api/routes/v1/team-member/index.ts": {"path":"/home/colomeramonica/projetos/drift-board/api/routes/v1/team-member/index.ts","statementMap":{"0":{"start":{"line":6,"column":2},"end":{"line":6,"column":18}},"1":{"start":{"line":7,"column":2},"end":{"line":7,"column":20}}},"fnMap":{"0":{"name":"membersRoutes","decl":{"start":{"line":5,"column":22},"end":{"line":5,"column":35}},"loc":{"start":{"line":5,"column":63},"end":{"line":8,"column":1}},"line":5}},"branchMap":{},"s":{"0":2,"1":2},"f":{"0":2},"b":{},"_coverageSchema":"1a1c01bbd47fc00a2c39e90264f33305004495a9","hash":"ff2d4c4b9e2d81ef9ae4a0845df674a27ae0709d"}
,"/home/colomeramonica/projetos/drift-board/api/routes/v1/team-member/list.ts": {"path":"/home/colomeramonica/projetos/drift-board/api/routes/v1/team-member/list.ts","statementMap":{"0":{"start":{"line":11,"column":2},"end":{"line":26,"column":5}},"1":{"start":{"line":23,"column":22},"end":{"line":23,"column":62}},"2":{"start":{"line":24,"column":6},"end":{"line":24,"column":45}}},"fnMap":{"0":{"name":"list","decl":{"start":{"line":10,"column":22},"end":{"line":10,"column":26}},"loc":{"start":{"line":10,"column":54},"end":{"line":27,"column":1}},"line":10},"1":{"name":"(anonymous_1)","decl":{"start":{"line":22,"column":13},"end":{"line":22,"column":14}},"loc":{"start":{"line":22,"column":39},"end":{"line":25,"column":5}},"line":22}},"branchMap":{},"s":{"0":2,"1":0,"2":0},"f":{"0":2,"1":0},"b":{},"_coverageSchema":"1a1c01bbd47fc00a2c39e90264f33305004495a9","hash":"849a6d2af042651def6c830767b975ef400c3897"}
,"/home/colomeramonica/projetos/drift-board/api/schemas/mongoose/task.ts": {"path":"/home/colomeramonica/projetos/drift-board/api/schemas/mongoose/task.ts","statementMap":{"0":{"start":{"line":3,"column":26},"end":{"line":18,"column":2}},"1":{"start":{"line":20,"column":20},"end":{"line":20,"column":54}}},"fnMap":{},"branchMap":{},"s":{"0":2,"1":2},"f":{},"b":{},"_coverageSchema":"1a1c01bbd47fc00a2c39e90264f33305004495a9","hash":"de5dc3b79f6b8dbcc54e7a03315c99ce7aa08d5e"}
,"/home/colomeramonica/projetos/drift-board/api/schemas/mongoose/team-member.ts": {"path":"/home/colomeramonica/projetos/drift-board/api/schemas/mongoose/team-member.ts","statementMap":{"0":{"start":{"line":3,"column":32},"end":{"line":9,"column":2}},"1":{"start":{"line":11,"column":26},"end":{"line":11,"column":72}}},"fnMap":{},"branchMap":{},"s":{"0":2,"1":2},"f":{},"b":{},"_coverageSchema":"1a1c01bbd47fc00a2c39e90264f33305004495a9","hash":"e91aa78126a97f62d099f55850997f3f9233aa43"}
,"/home/colomeramonica/projetos/drift-board/api/schemas/zod/task.ts": {"path":"/home/colomeramonica/projetos/drift-board/api/schemas/zod/task.ts","statementMap":{"0":{"start":{"line":3,"column":26},"end":{"line":12,"column":2}},"1":{"start":{"line":6,"column":44},"end":{"line":6,"column":62}},"2":{"start":{"line":14,"column":30},"end":{"line":30,"column":2}},"3":{"start":{"line":32,"column":32},"end":{"line":41,"column":2}},"4":{"start":{"line":43,"column":32},"end":{"line":45,"column":2}}},"fnMap":{"0":{"name":"(anonymous_0)","decl":{"start":{"line":6,"column":34},"end":{"line":6,"column":35}},"loc":{"start":{"line":6,"column":44},"end":{"line":6,"column":62}},"line":6}},"branchMap":{},"s":{"0":2,"1":2,"2":2,"3":2,"4":2},"f":{"0":2},"b":{},"_coverageSchema":"1a1c01bbd47fc00a2c39e90264f33305004495a9","hash":"e5b03edf3c46423d87c54c13064ada88289ca8b9"}
,"/home/colomeramonica/projetos/drift-board/api/schemas/zod/team-member.ts": {"path":"/home/colomeramonica/projetos/drift-board/api/schemas/zod/team-member.ts","statementMap":{"0":{"start":{"line":3,"column":32},"end":{"line":7,"column":2}},"1":{"start":{"line":9,"column":33},"end":{"line":14,"column":2}}},"fnMap":{},"branchMap":{},"s":{"0":2,"1":2},"f":{},"b":{},"_coverageSchema":"1a1c01bbd47fc00a2c39e90264f33305004495a9","hash":"4d86fb3317001f12780c42c5fe2603a7eddad192"}
}
